This file contains any messages produced by compilers while
running configure, to aid debugging if configure makes a mistake.

It was created by program configure 1.0, which was
generated by GNU Autoconf 2.71.  Invocation command line was

  $ ./configure

## --------- ##
## Platform. ##
## --------- ##

hostname = ira-VirtualBox
uname -m = x86_64
uname -r = 6.8.0-49-generic
uname -s = Linux
uname -v = #49~22.04.1-Ubuntu SMP PREEMPT_DYNAMIC Wed Nov  6 17:42:15 UTC 2

/usr/bin/uname -p = x86_64
/bin/uname -X     = unknown

/bin/arch              = x86_64
/usr/bin/arch -k       = unknown
/usr/convex/getsysinfo = unknown
/usr/bin/hostinfo      = unknown
/bin/machine           = unknown
/usr/bin/oslevel       = unknown
/bin/universe          = unknown

PATH: /usr/local/sbin/
PATH: /usr/local/bin/
PATH: /usr/sbin/
PATH: /usr/bin/
PATH: /sbin/
PATH: /bin/
PATH: /usr/games/
PATH: /usr/local/games/
PATH: /snap/bin/
PATH: /snap/bin/


## ----------- ##
## Core tests. ##
## ----------- ##

configure:2510: looking for aux files: compile missing install-sh
configure:2523:  trying ./
configure:2552:   ./compile found
configure:2552:   ./missing found
configure:2534:   ./install-sh found
configure:2681: checking for a BSD-compatible install
configure:2754: result: /usr/bin/install -c
configure:2765: checking whether build environment is sane
configure:2820: result: yes
configure:2979: checking for a race-free mkdir -p
configure:3023: result: /usr/bin/mkdir -p
configure:3030: checking for gawk
configure:3065: result: no
configure:3030: checking for mawk
configure:3051: found /usr/bin/mawk
configure:3062: result: mawk
configure:3073: checking whether make sets $(MAKE)
configure:3096: result: yes
configure:3126: checking whether make supports nested variables
configure:3144: result: yes
configure:3342: checking for gcc
configure:3363: found /usr/bin/gcc
configure:3374: result: gcc
configure:3727: checking for C compiler version
configure:3736: gcc --version >&5
gcc (Ubuntu 11.4.0-1ubuntu1~22.04) 11.4.0
Copyright (C) 2021 Free Software Foundation, Inc.
This is free software; see the source for copying conditions.  There is NO
warranty; not even for MERCHANTABILITY or FITNESS FOR A PARTICULAR PURPOSE.

configure:3747: $? = 0
configure:3736: gcc -v >&5
Using built-in specs.
COLLECT_GCC=gcc
COLLECT_LTO_WRAPPER=/usr/lib/gcc/x86_64-linux-gnu/11/lto-wrapper
OFFLOAD_TARGET_NAMES=nvptx-none:amdgcn-amdhsa
OFFLOAD_TARGET_DEFAULT=1
Target: x86_64-linux-gnu
Configured with: ../src/configure -v --with-pkgversion='Ubuntu 11.4.0-1ubuntu1~22.04' --with-bugurl=file:///usr/share/doc/gcc-11/README.Bugs --enable-languages=c,ada,c++,go,brig,d,fortran,objc,obj-c++,m2 --prefix=/usr --with-gcc-major-version-only --program-suffix=-11 --program-prefix=x86_64-linux-gnu- --enable-shared --enable-linker-build-id --libexecdir=/usr/lib --without-included-gettext --enable-threads=posix --libdir=/usr/lib --enable-nls --enable-bootstrap --enable-clocale=gnu --enable-libstdcxx-debug --enable-libstdcxx-time=yes --with-default-libstdcxx-abi=new --enable-gnu-unique-object --disable-vtable-verify --enable-plugin --enable-default-pie --with-system-zlib --enable-libphobos-checking=release --with-target-system-zlib=auto --enable-objc-gc=auto --enable-multiarch --disable-werror --enable-cet --with-arch-32=i686 --with-abi=m64 --with-multilib-list=m32,m64,mx32 --enable-multilib --with-tune=generic --enable-offload-targets=nvptx-none=/build/gcc-11-XeT9lY/gcc-11-11.4.0/debian/tmp-nvptx/usr,amdgcn-amdhsa=/build/gcc-11-XeT9lY/gcc-11-11.4.0/debian/tmp-gcn/usr --without-cuda-driver --enable-checking=release --build=x86_64-linux-gnu --host=x86_64-linux-gnu --target=x86_64-linux-gnu --with-build-config=bootstrap-lto-lean --enable-link-serialization=2
Thread model: posix
Supported LTO compression algorithms: zlib zstd
gcc version 11.4.0 (Ubuntu 11.4.0-1ubuntu1~22.04) 
... rest of stderr output deleted ...
configure:3747: $? = 0
configure:3736: gcc -V >&5
gcc: error: unrecognized command-line option '-V'
gcc: fatal error: no input files
compilation terminated.
configure:3747: $? = 1
configure:3736: gcc -qversion >&5
gcc: error: unrecognized command-line option '-qversion'; did you mean '--version'?
gcc: fatal error: no input files
compilation terminated.
configure:3747: $? = 1
configure:3736: gcc -version >&5
gcc: error: unrecognized command-line option '-version'
gcc: fatal error: no input files
compilation terminated.
configure:3747: $? = 1
configure:3767: checking whether the C compiler works
configure:3789: gcc    conftest.c  >&5
configure:3793: $? = 0
configure:3843: result: yes
configure:3846: checking for C compiler default output file name
configure:3848: result: a.out
configure:3854: checking for suffix of executables
configure:3861: gcc -o conftest    conftest.c  >&5
configure:3865: $? = 0
configure:3888: result: 
configure:3910: checking whether we are cross compiling
configure:3918: gcc -o conftest    conftest.c  >&5
configure:3922: $? = 0
configure:3929: ./conftest
configure:3933: $? = 0
configure:3948: result: no
configure:3953: checking for suffix of object files
configure:3976: gcc -c   conftest.c >&5
configure:3980: $? = 0
configure:4002: result: o
configure:4006: checking whether the compiler supports GNU C
configure:4026: gcc -c   conftest.c >&5
configure:4026: $? = 0
configure:4036: result: yes
configure:4047: checking whether gcc accepts -g
configure:4068: gcc -c -g  conftest.c >&5
configure:4068: $? = 0
configure:4112: result: yes
configure:4132: checking for gcc option to enable C11 features
configure:4147: gcc  -c -g -O2  conftest.c >&5
configure:4147: $? = 0
configure:4165: result: none needed
configure:4281: checking whether gcc understands -c and -o together
configure:4304: gcc -c conftest.c -o conftest2.o
configure:4307: $? = 0
configure:4304: gcc -c conftest.c -o conftest2.o
configure:4307: $? = 0
configure:4319: result: yes
configure:4339: checking whether make supports the include directive
configure:4354: make -f confmf.GNU && cat confinc.out
this is the am__doit target
configure:4357: $? = 0
configure:4376: result: yes (GNU style)
configure:4402: checking dependency style of gcc
configure:4514: result: gcc3
configure:4598: checking for g++
configure:4619: found /usr/bin/g++
configure:4630: result: g++
configure:4657: checking for C++ compiler version
configure:4666: g++ --version >&5
g++ (Ubuntu 11.4.0-1ubuntu1~22.04) 11.4.0
Copyright (C) 2021 Free Software Foundation, Inc.
This is free software; see the source for copying conditions.  There is NO
warranty; not even for MERCHANTABILITY or FITNESS FOR A PARTICULAR PURPOSE.

configure:4677: $? = 0
configure:4666: g++ -v >&5
Using built-in specs.
COLLECT_GCC=g++
COLLECT_LTO_WRAPPER=/usr/lib/gcc/x86_64-linux-gnu/11/lto-wrapper
OFFLOAD_TARGET_NAMES=nvptx-none:amdgcn-amdhsa
OFFLOAD_TARGET_DEFAULT=1
Target: x86_64-linux-gnu
Configured with: ../src/configure -v --with-pkgversion='Ubuntu 11.4.0-1ubuntu1~22.04' --with-bugurl=file:///usr/share/doc/gcc-11/README.Bugs --enable-languages=c,ada,c++,go,brig,d,fortran,objc,obj-c++,m2 --prefix=/usr --with-gcc-major-version-only --program-suffix=-11 --program-prefix=x86_64-linux-gnu- --enable-shared --enable-linker-build-id --libexecdir=/usr/lib --without-included-gettext --enable-threads=posix --libdir=/usr/lib --enable-nls --enable-bootstrap --enable-clocale=gnu --enable-libstdcxx-debug --enable-libstdcxx-time=yes --with-default-libstdcxx-abi=new --enable-gnu-unique-object --disable-vtable-verify --enable-plugin --enable-default-pie --with-system-zlib --enable-libphobos-checking=release --with-target-system-zlib=auto --enable-objc-gc=auto --enable-multiarch --disable-werror --enable-cet --with-arch-32=i686 --with-abi=m64 --with-multilib-list=m32,m64,mx32 --enable-multilib --with-tune=generic --enable-offload-targets=nvptx-none=/build/gcc-11-XeT9lY/gcc-11-11.4.0/debian/tmp-nvptx/usr,amdgcn-amdhsa=/build/gcc-11-XeT9lY/gcc-11-11.4.0/debian/tmp-gcn/usr --without-cuda-driver --enable-checking=release --build=x86_64-linux-gnu --host=x86_64-linux-gnu --target=x86_64-linux-gnu --with-build-config=bootstrap-lto-lean --enable-link-serialization=2
Thread model: posix
Supported LTO compression algorithms: zlib zstd
gcc version 11.4.0 (Ubuntu 11.4.0-1ubuntu1~22.04) 
... rest of stderr output deleted ...
configure:4677: $? = 0
configure:4666: g++ -V >&5
g++: error: unrecognized command-line option '-V'
g++: fatal error: no input files
compilation terminated.
configure:4677: $? = 1
configure:4666: g++ -qversion >&5
g++: error: unrecognized command-line option '-qversion'; did you mean '--version'?
g++: fatal error: no input files
compilation terminated.
configure:4677: $? = 1
configure:4681: checking whether the compiler supports GNU C++
configure:4701: g++ -c   conftest.cpp >&5
configure:4701: $? = 0
configure:4711: result: yes
configure:4722: checking whether g++ accepts -g
configure:4743: g++ -c -g  conftest.cpp >&5
configure:4743: $? = 0
configure:4787: result: yes
configure:4807: checking for g++ option to enable C++11 features
configure:4822: g++  -c -g -O2  conftest.cpp >&5
conftest.cpp: In function 'int main(int, char**)':
conftest.cpp:177:25: warning: empty parentheses were disambiguated as a function declaration [-Wvexing-parse]
  177 |   cxx11test::delegate d2();
      |                         ^~
conftest.cpp:177:25: note: remove parentheses to default-initialize a variable
  177 |   cxx11test::delegate d2();
      |                         ^~
      |                         --
conftest.cpp:177:25: note: or replace parentheses with braces to value-initialize a variable
configure:4822: $? = 0
configure:4840: result: none needed
configure:4906: checking dependency style of g++
configure:5018: result: gcc3
configure:5094: checking for pkg-config
configure:5117: found /usr/bin/pkg-config
configure:5129: result: /usr/bin/pkg-config
configure:5154: checking pkg-config is at least version 0.9.0
configure:5157: result: yes
configure:5167: checking for glib-2.0
configure:5174: $PKG_CONFIG --exists --print-errors "glib-2.0"
configure:5177: $? = 0
configure:5191: $PKG_CONFIG --exists --print-errors "glib-2.0"
configure:5194: $? = 0
configure:5252: result: yes
configure:5258: checking for gtest
configure:5265: $PKG_CONFIG --exists --print-errors "gtest"
configure:5268: $? = 0
configure:5282: $PKG_CONFIG --exists --print-errors "gtest"
configure:5285: $? = 0
configure:5343: result: yes
configure:5354: checking for stdio.h
configure:5354: gcc -c -g -O2  conftest.c >&5
configure:5354: $? = 0
configure:5354: result: yes
configure:5354: checking for stdlib.h
configure:5354: gcc -c -g -O2  conftest.c >&5
configure:5354: $? = 0
configure:5354: result: yes
configure:5354: checking for string.h
configure:5354: gcc -c -g -O2  conftest.c >&5
configure:5354: $? = 0
configure:5354: result: yes
configure:5354: checking for inttypes.h
configure:5354: gcc -c -g -O2  conftest.c >&5
configure:5354: $? = 0
configure:5354: result: yes
configure:5354: checking for stdint.h
configure:5354: gcc -c -g -O2  conftest.c >&5
configure:5354: $? = 0
configure:5354: result: yes
configure:5354: checking for strings.h
configure:5354: gcc -c -g -O2  conftest.c >&5
configure:5354: $? = 0
configure:5354: result: yes
configure:5354: checking for sys/stat.h
configure:5354: gcc -c -g -O2  conftest.c >&5
configure:5354: $? = 0
configure:5354: result: yes
configure:5354: checking for sys/types.h
configure:5354: gcc -c -g -O2  conftest.c >&5
configure:5354: $? = 0
configure:5354: result: yes
configure:5354: checking for unistd.h
configure:5354: gcc -c -g -O2  conftest.c >&5
configure:5354: $? = 0
configure:5354: result: yes
configure:5379: checking for gtest/gtest.h
configure:5379: gcc -c -g -O2  conftest.c >&5
In file included from conftest.c:49:
/usr/include/gtest/gtest.h:55:10: fatal error: cstddef: No such file or directory
   55 | #include <cstddef>
      |          ^~~~~~~~~
compilation terminated.
configure:5379: $? = 1
configure: failed program was:
| /* confdefs.h */
| #define PACKAGE_NAME "program"
| #define PACKAGE_TARNAME "program"
| #define PACKAGE_VERSION "1.0"
| #define PACKAGE_STRING "program 1.0"
| #define PACKAGE_BUGREPORT "foxira242@gmail.com"
| #define PACKAGE_URL ""
| #define PACKAGE "program"
| #define VERSION "1.0"
| #define HAVE_STDIO_H 1
| #define HAVE_STDLIB_H 1
| #define HAVE_STRING_H 1
| #define HAVE_INTTYPES_H 1
| #define HAVE_STDINT_H 1
| #define HAVE_STRINGS_H 1
| #define HAVE_SYS_STAT_H 1
| #define HAVE_SYS_TYPES_H 1
| #define HAVE_UNISTD_H 1
| #define STDC_HEADERS 1
| /* end confdefs.h.  */
| #include <stddef.h>
| #ifdef HAVE_STDIO_H
| # include <stdio.h>
| #endif
| #ifdef HAVE_STDLIB_H
| # include <stdlib.h>
| #endif
| #ifdef HAVE_STRING_H
| # include <string.h>
| #endif
| #ifdef HAVE_INTTYPES_H
| # include <inttypes.h>
| #endif
| #ifdef HAVE_STDINT_H
| # include <stdint.h>
| #endif
| #ifdef HAVE_STRINGS_H
| # include <strings.h>
| #endif
| #ifdef HAVE_SYS_TYPES_H
| # include <sys/types.h>
| #endif
| #ifdef HAVE_SYS_STAT_H
| # include <sys/stat.h>
| #endif
| #ifdef HAVE_UNISTD_H
| # include <unistd.h>
| #endif
| #include <gtest/gtest.h>
configure:5379: result: no
configure:5388: checking for library containing gtest
configure:5418: gcc -o conftest -g -O2   conftest.c  >&5
/usr/bin/ld: /tmp/ccR0BZHR.o: in function `main':
/home/ira/DevOps_lab2/conftest.c:29: undefined reference to `gtest'
collect2: error: ld returned 1 exit status
configure:5418: $? = 1
configure: failed program was:
| /* confdefs.h */
| #define PACKAGE_NAME "program"
| #define PACKAGE_TARNAME "program"
| #define PACKAGE_VERSION "1.0"
| #define PACKAGE_STRING "program 1.0"
| #define PACKAGE_BUGREPORT "foxira242@gmail.com"
| #define PACKAGE_URL ""
| #define PACKAGE "program"
| #define VERSION "1.0"
| #define HAVE_STDIO_H 1
| #define HAVE_STDLIB_H 1
| #define HAVE_STRING_H 1
| #define HAVE_INTTYPES_H 1
| #define HAVE_STDINT_H 1
| #define HAVE_STRINGS_H 1
| #define HAVE_SYS_STAT_H 1
| #define HAVE_SYS_TYPES_H 1
| #define HAVE_UNISTD_H 1
| #define STDC_HEADERS 1
| /* end confdefs.h.  */
| 
| /* Override any GCC internal prototype to avoid an error.
|    Use char because int might match the return type of a GCC
|    builtin and then its argument prototype would still apply.  */
| char gtest ();
| int
| main (void)
| {
| return gtest ();
|   ;
|   return 0;
| }
configure:5418: gcc -o conftest -g -O2   conftest.c -lgtest   >&5
/usr/bin/ld: /tmp/ccnK7Kmb.o: in function `main':
/home/ira/DevOps_lab2/conftest.c:29: undefined reference to `gtest'
collect2: error: ld returned 1 exit status
configure:5418: $? = 1
configure: failed program was:
| /* confdefs.h */
| #define PACKAGE_NAME "program"
| #define PACKAGE_TARNAME "program"
| #define PACKAGE_VERSION "1.0"
| #define PACKAGE_STRING "program 1.0"
| #define PACKAGE_BUGREPORT "foxira242@gmail.com"
| #define PACKAGE_URL ""
| #define PACKAGE "program"
| #define VERSION "1.0"
| #define HAVE_STDIO_H 1
| #define HAVE_STDLIB_H 1
| #define HAVE_STRING_H 1
| #define HAVE_INTTYPES_H 1
| #define HAVE_STDINT_H 1
| #define HAVE_STRINGS_H 1
| #define HAVE_SYS_STAT_H 1
| #define HAVE_SYS_TYPES_H 1
| #define HAVE_UNISTD_H 1
| #define STDC_HEADERS 1
| /* end confdefs.h.  */
| 
| /* Override any GCC internal prototype to avoid an error.
|    Use char because int might match the return type of a GCC
|    builtin and then its argument prototype would still apply.  */
| char gtest ();
| int
| main (void)
| {
| return gtest ();
|   ;
|   return 0;
| }
configure:5438: result: no
configure:5587: checking that generated files are newer than configure
configure:5593: result: done
configure:5620: creating ./config.status

## ---------------------- ##
## Running config.status. ##
## ---------------------- ##

This file was extended by program config.status 1.0, which was
generated by GNU Autoconf 2.71.  Invocation command line was

  CONFIG_FILES    = 
  CONFIG_HEADERS  = 
  CONFIG_LINKS    = 
  CONFIG_COMMANDS = 
  $ ./config.status 

on ira-VirtualBox

config.status:783: creating Makefile
config.status:955: executing depfiles commands
config.status:1032: cd .       && sed -e '/# am--include-marker/d' Makefile         | make -f - am--depfiles
make: Nothing to be done for 'am--depfiles'.
config.status:1037: $? = 0

## ---------------- ##
## Cache variables. ##
## ---------------- ##

ac_cv_c_compiler_gnu=yes
ac_cv_cxx_compiler_gnu=yes
ac_cv_env_CCC_set=
ac_cv_env_CCC_value=
ac_cv_env_CC_set=
ac_cv_env_CC_value=
ac_cv_env_CFLAGS_set=
ac_cv_env_CFLAGS_value=
ac_cv_env_CPPFLAGS_set=
ac_cv_env_CPPFLAGS_value=
ac_cv_env_CXXFLAGS_set=
ac_cv_env_CXXFLAGS_value=
ac_cv_env_CXX_set=
ac_cv_env_CXX_value=
ac_cv_env_GTEST_CFLAGS_set=
ac_cv_env_GTEST_CFLAGS_value=
ac_cv_env_GTEST_LIBS_set=
ac_cv_env_GTEST_LIBS_value=
ac_cv_env_LDFLAGS_set=
ac_cv_env_LDFLAGS_value=
ac_cv_env_LIBS_set=
ac_cv_env_LIBS_value=
ac_cv_env_PKG_CONFIG_LIBDIR_set=
ac_cv_env_PKG_CONFIG_LIBDIR_value=
ac_cv_env_PKG_CONFIG_PATH_set=
ac_cv_env_PKG_CONFIG_PATH_value=
ac_cv_env_PKG_CONFIG_set=
ac_cv_env_PKG_CONFIG_value=
ac_cv_env_PROGRAM_CFLAGS_set=
ac_cv_env_PROGRAM_CFLAGS_value=
ac_cv_env_PROGRAM_LIBS_set=
ac_cv_env_PROGRAM_LIBS_value=
ac_cv_env_build_alias_set=
ac_cv_env_build_alias_value=
ac_cv_env_host_alias_set=
ac_cv_env_host_alias_value=
ac_cv_env_target_alias_set=
ac_cv_env_target_alias_value=
ac_cv_header_gtest_gtest_h=no
ac_cv_header_inttypes_h=yes
ac_cv_header_stdint_h=yes
ac_cv_header_stdio_h=yes
ac_cv_header_stdlib_h=yes
ac_cv_header_string_h=yes
ac_cv_header_strings_h=yes
ac_cv_header_sys_stat_h=yes
ac_cv_header_sys_types_h=yes
ac_cv_header_unistd_h=yes
ac_cv_objext=o
ac_cv_path_ac_pt_PKG_CONFIG=/usr/bin/pkg-config
ac_cv_path_install='/usr/bin/install -c'
ac_cv_path_mkdir=/usr/bin/mkdir
ac_cv_prog_AWK=mawk
ac_cv_prog_ac_ct_CC=gcc
ac_cv_prog_ac_ct_CXX=g++
ac_cv_prog_cc_c11=
ac_cv_prog_cc_g=yes
ac_cv_prog_cc_stdc=
ac_cv_prog_cxx_11=no
ac_cv_prog_cxx_cxx11=
ac_cv_prog_cxx_g=yes
ac_cv_prog_cxx_stdcxx=
ac_cv_prog_make_make_set=yes
ac_cv_search_gtest=no
am_cv_CC_dependencies_compiler_type=gcc3
am_cv_CXX_dependencies_compiler_type=gcc3
am_cv_make_support_nested_variables=yes
am_cv_prog_cc_c_o=yes
pkg_cv_GTEST_CFLAGS=-DGTEST_HAS_PTHREAD=1
pkg_cv_GTEST_LIBS=-lgtest
pkg_cv_PROGRAM_CFLAGS='-I/usr/include/glib-2.0 -I/usr/lib/x86_64-linux-gnu/glib-2.0/include'
pkg_cv_PROGRAM_LIBS=-lglib-2.0

## ----------------- ##
## Output variables. ##
## ----------------- ##

ACLOCAL='${SHELL} '\''/home/ira/DevOps_lab2/missing'\'' aclocal-1.16'
AMDEPBACKSLASH='\'
AMDEP_FALSE='#'
AMDEP_TRUE=''
AMTAR='$${TAR-tar}'
AM_BACKSLASH='\'
AM_DEFAULT_V='$(AM_DEFAULT_VERBOSITY)'
AM_DEFAULT_VERBOSITY='1'
AM_V='$(V)'
AUTOCONF='${SHELL} '\''/home/ira/DevOps_lab2/missing'\'' autoconf'
AUTOHEADER='${SHELL} '\''/home/ira/DevOps_lab2/missing'\'' autoheader'
AUTOMAKE='${SHELL} '\''/home/ira/DevOps_lab2/missing'\'' automake-1.16'
AWK='mawk'
CC='gcc'
CCDEPMODE='depmode=gcc3'
CFLAGS='-g -O2'
CPPFLAGS=''
CSCOPE='cscope'
CTAGS='ctags'
CXX='g++'
CXXDEPMODE='depmode=gcc3'
CXXFLAGS='-g -O2'
CYGPATH_W='echo'
DEFS='-DPACKAGE_NAME=\"program\" -DPACKAGE_TARNAME=\"program\" -DPACKAGE_VERSION=\"1.0\" -DPACKAGE_STRING=\"program\ 1.0\" -DPACKAGE_BUGREPORT=\"foxira242@gmail.com\" -DPACKAGE_URL=\"\" -DPACKAGE=\"program\" -DVERSION=\"1.0\" -DHAVE_STDIO_H=1 -DHAVE_STDLIB_H=1 -DHAVE_STRING_H=1 -DHAVE_INTTYPES_H=1 -DHAVE_STDINT_H=1 -DHAVE_STRINGS_H=1 -DHAVE_SYS_STAT_H=1 -DHAVE_SYS_TYPES_H=1 -DHAVE_UNISTD_H=1 -DSTDC_HEADERS=1'
DEPDIR='.deps'
ECHO_C=''
ECHO_N='-n'
ECHO_T=''
ETAGS='etags'
EXEEXT=''
GTEST_CFLAGS='-DGTEST_HAS_PTHREAD=1'
GTEST_LIBS='-lgtest'
INSTALL_DATA='${INSTALL} -m 644'
INSTALL_PROGRAM='${INSTALL}'
INSTALL_SCRIPT='${INSTALL}'
INSTALL_STRIP_PROGRAM='$(install_sh) -c -s'
LDFLAGS=''
LIBOBJS=''
LIBS=''
LTLIBOBJS=''
MAKEINFO='${SHELL} '\''/home/ira/DevOps_lab2/missing'\'' makeinfo'
MKDIR_P='/usr/bin/mkdir -p'
OBJEXT='o'
PACKAGE='program'
PACKAGE_BUGREPORT='foxira242@gmail.com'
PACKAGE_NAME='program'
PACKAGE_STRING='program 1.0'
PACKAGE_TARNAME='program'
PACKAGE_URL=''
PACKAGE_VERSION='1.0'
PATH_SEPARATOR=':'
PKG_CONFIG='/usr/bin/pkg-config'
PKG_CONFIG_LIBDIR=''
PKG_CONFIG_PATH=''
PROGRAM_CFLAGS='-I/usr/include/glib-2.0 -I/usr/lib/x86_64-linux-gnu/glib-2.0/include'
PROGRAM_LIBS='-lglib-2.0'
SET_MAKE=''
SHELL='/bin/bash'
STRIP=''
VERSION='1.0'
ac_ct_CC='gcc'
ac_ct_CXX='g++'
am__EXEEXT_FALSE=''
am__EXEEXT_TRUE='#'
am__fastdepCC_FALSE='#'
am__fastdepCC_TRUE=''
am__fastdepCXX_FALSE='#'
am__fastdepCXX_TRUE=''
am__include='include'
am__isrc=''
am__leading_dot='.'
am__nodep='_no'
am__quote=''
am__tar='$${TAR-tar} chof - "$$tardir"'
am__untar='$${TAR-tar} xf -'
bindir='${exec_prefix}/bin'
build_alias=''
datadir='${datarootdir}'
datarootdir='${prefix}/share'
docdir='${datarootdir}/doc/${PACKAGE_TARNAME}'
dvidir='${docdir}'
exec_prefix='${prefix}'
host_alias=''
htmldir='${docdir}'
includedir='${prefix}/include'
infodir='${datarootdir}/info'
install_sh='${SHELL} /home/ira/DevOps_lab2/install-sh'
libdir='${exec_prefix}/lib'
libexecdir='${exec_prefix}/libexec'
localedir='${datarootdir}/locale'
localstatedir='${prefix}/var'
mandir='${datarootdir}/man'
mkdir_p='$(MKDIR_P)'
oldincludedir='/usr/include'
pdfdir='${docdir}'
prefix='/usr/local'
program_transform_name='s,x,x,'
psdir='${docdir}'
runstatedir='${localstatedir}/run'
sbindir='${exec_prefix}/sbin'
sharedstatedir='${prefix}/com'
sysconfdir='${prefix}/etc'
target_alias=''

## ----------- ##
## confdefs.h. ##
## ----------- ##

/* confdefs.h */
#define PACKAGE_NAME "program"
#define PACKAGE_TARNAME "program"
#define PACKAGE_VERSION "1.0"
#define PACKAGE_STRING "program 1.0"
#define PACKAGE_BUGREPORT "foxira242@gmail.com"
#define PACKAGE_URL ""
#define PACKAGE "program"
#define VERSION "1.0"
#define HAVE_STDIO_H 1
#define HAVE_STDLIB_H 1
#define HAVE_STRING_H 1
#define HAVE_INTTYPES_H 1
#define HAVE_STDINT_H 1
#define HAVE_STRINGS_H 1
#define HAVE_SYS_STAT_H 1
#define HAVE_SYS_TYPES_H 1
#define HAVE_UNISTD_H 1
#define STDC_HEADERS 1

configure: exit 0
